system   D d:\Libraries\build\allegro\src\allegro-git\allegro-git\src\win\wsystem.c:633  _al_win_safe_load_library        [   0.00144] PathFindOnPath found: C:\WINDOWS\system32\d3d9.dll
system   D d:\Libraries\build\allegro\src\allegro-git\allegro-git\src\win\wsystem.c:544  load_library_at_path             [   0.00170] Calling LoadLibrary C:\WINDOWS\system32\d3d9.dll
system   I d:\Libraries\build\allegro\src\allegro-git\allegro-git\src\win\wsystem.c:547  load_library_at_path             [   0.01129] Loaded C:\WINDOWS\system32\d3d9.dll
d3d      I d:\Libraries\build\allegro\src\allegro-git\allegro-git\src\win\d3d_disp.cpp:696  _al_d3d_init_display             [   0.05034] Render-to-texture: 1
system   I d:\Libraries\build\allegro\src\allegro-git\allegro-git\src\system.c:252  al_install_system                [   0.05043] Allegro version: 5.0.10
d3d      I d:\Libraries\build\allegro\src\allegro-git\allegro-git\src\win\d3d_disp.cpp:1737 d3d_create_display_locked        [   0.05679] faux_fullscreen=0
d3d      D d:\Libraries\build\allegro\src\allegro-git\allegro-git\src\win\d3d_disp.cpp:1738 d3d_create_display_locked        [   0.05685] al_display=006B77E8
d3d      D d:\Libraries\build\allegro\src\allegro-git\allegro-git\src\win\d3d_disp.cpp:1739 d3d_create_display_locked        [   0.05689] al_display->vt=006B7758
d3d      I d:\Libraries\build\allegro\src\allegro-git\allegro-git\src\win\d3d_display_formats.cpp:144  _al_d3d_generate_display_format_list [   0.06723] found 64 format combinations
display  D d:\Libraries\build\allegro\src\allegro-git\allegro-git\src\display_settings.c:191  debug_display_settings           [   0.06731] color: 32 (rgba 8880), depth: 0, stencil: 0, acc: 0000, samples: 0/0
display  D d:\Libraries\build\allegro\src\allegro-git\allegro-git\src\display_settings.c:506  _al_score_display_settings       [   0.06737] Score is : 897
display  D d:\Libraries\build\allegro\src\allegro-git\allegro-git\src\display_settings.c:191  debug_display_settings           [   0.06740] color: 32 (rgba 8880), depth: 0, stencil: 0, acc: 0000, samples: 0/0
display  D d:\Libraries\build\allegro\src\allegro-git\allegro-git\src\display_settings.c:506  _al_score_display_settings       [   0.06744] Score is : 897
display  D d:\Libraries\build\allegro\src\allegro-git\allegro-git\src\display_settings.c:191  debug_display_settings           [   0.06747] color: 32 (rgba 8880), depth: 24, stencil: 8, acc: 0000, samples: 0/0
display  D d:\Libraries\build\allegro\src\allegro-git\allegro-git\src\display_settings.c:506  _al_score_display_settings       [   0.06751] Score is : 897
display  D d:\Libraries\build\allegro\src\allegro-git\allegro-git\src\display_settings.c:191  debug_display_settings           [   0.06754] color: 32 (rgba 8880), depth: 24, stencil: 8, acc: 0000, samples: 0/0
display  D d:\Libraries\build\allegro\src\allegro-git\allegro-git\src\display_settings.c:506  _al_score_display_settings       [   0.06758] Score is : 897
display  D d:\Libraries\build\allegro\src\allegro-git\allegro-git\src\display_settings.c:191  debug_display_settings           [   0.06761] color: 32 (rgba 8880), depth: 24, stencil: 0, acc: 0000, samples: 0/0
display  D d:\Libraries\build\allegro\src\allegro-git\allegro-git\src\display_settings.c:506  _al_score_display_settings       [   0.06765] Score is : 897
display  D d:\Libraries\build\allegro\src\allegro-git\allegro-git\src\display_settings.c:191  debug_display_settings           [   0.06768] color: 32 (rgba 8880), depth: 24, stencil: 0, acc: 0000, samples: 0/0
display  D d:\Libraries\build\allegro\src\allegro-git\allegro-git\src\display_settings.c:506  _al_score_display_settings       [   0.06771] Score is : 897
display  D d:\Libraries\build\allegro\src\allegro-git\allegro-git\src\display_settings.c:191  debug_display_settings           [   0.06775] color: 32 (rgba 8880), depth: 16, stencil: 0, acc: 0000, samples: 0/0
display  D d:\Libraries\build\allegro\src\allegro-git\allegro-git\src\display_settings.c:506  _al_score_display_settings       [   0.06778] Score is : 897
display  D d:\Libraries\build\allegro\src\allegro-git\allegro-git\src\display_settings.c:191  debug_display_settings           [   0.06781] color: 32 (rgba 8880), depth: 16, stencil: 0, acc: 0000, samples: 0/0
display  D d:\Libraries\build\allegro\src\allegro-git\allegro-git\src\display_settings.c:506  _al_score_display_settings       [   0.06797] Score is : 897
display  D d:\Libraries\build\allegro\src\allegro-git\allegro-git\src\display_settings.c:191  debug_display_settings           [   0.06802] color: 16 (rgba 5650), depth: 0, stencil: 0, acc: 0000, samples: 0/0
display  D d:\Libraries\build\allegro\src\allegro-git\allegro-git\src\display_settings.c:506  _al_score_display_settings       [   0.06806] Score is : 897
display  D d:\Libraries\build\allegro\src\allegro-git\allegro-git\src\display_settings.c:191  debug_display_settings           [   0.06809] color: 16 (rgba 5650), depth: 0, stencil: 0, acc: 0000, samples: 0/0
display  D d:\Libraries\build\allegro\src\allegro-git\allegro-git\src\display_settings.c:506  _al_score_display_settings       [   0.06813] Score is : 897
display  D d:\Libraries\build\allegro\src\allegro-git\allegro-git\src\display_settings.c:191  debug_display_settings           [   0.06816] color: 16 (rgba 5650), depth: 24, stencil: 8, acc: 0000, samples: 0/0
display  D d:\Libraries\build\allegro\src\allegro-git\allegro-git\src\display_settings.c:506  _al_score_display_settings       [   0.06820] Score is : 897
display  D d:\Libraries\build\allegro\src\allegro-git\allegro-git\src\display_settings.c:191  debug_display_settings           [   0.06823] color: 16 (rgba 5650), depth: 24, stencil: 8, acc: 0000, samples: 0/0
display  D d:\Libraries\build\allegro\src\allegro-git\allegro-git\src\display_settings.c:506  _al_score_display_settings       [   0.06826] Score is : 897
display  D d:\Libraries\build\allegro\src\allegro-git\allegro-git\src\display_settings.c:191  debug_display_settings           [   0.06830] color: 16 (rgba 5650), depth: 24, stencil: 0, acc: 0000, samples: 0/0
display  D d:\Libraries\build\allegro\src\allegro-git\allegro-git\src\display_settings.c:506  _al_score_display_settings       [   0.06833] Score is : 897
display  D d:\Libraries\build\allegro\src\allegro-git\allegro-git\src\display_settings.c:191  debug_display_settings           [   0.06836] color: 16 (rgba 5650), depth: 24, stencil: 0, acc: 0000, samples: 0/0
display  D d:\Libraries\build\allegro\src\allegro-git\allegro-git\src\display_settings.c:506  _al_score_display_settings       [   0.06840] Score is : 897
display  D d:\Libraries\build\allegro\src\allegro-git\allegro-git\src\display_settings.c:191  debug_display_settings           [   0.06843] color: 16 (rgba 5650), depth: 16, stencil: 0, acc: 0000, samples: 0/0
display  D d:\Libraries\build\allegro\src\allegro-git\allegro-git\src\display_settings.c:506  _al_score_display_settings       [   0.06847] Score is : 897
display  D d:\Libraries\build\allegro\src\allegro-git\allegro-git\src\display_settings.c:191  debug_display_settings           [   0.06850] color: 16 (rgba 5650), depth: 16, stencil: 0, acc: 0000, samples: 0/0
display  D d:\Libraries\build\allegro\src\allegro-git\allegro-git\src\display_settings.c:506  _al_score_display_settings       [   0.06854] Score is : 897
display  D d:\Libraries\build\allegro\src\allegro-git\allegro-git\src\display_settings.c:191  debug_display_settings           [   0.06857] color: 32 (rgba 8880), depth: 0, stencil: 0, acc: 0000, samples: 0/0
display  D d:\Libraries\build\allegro\src\allegro-git\allegro-git\src\display_settings.c:377  _al_score_display_settings       [   0.06860] Single Buffer requirement not met.
display  D d:\Libraries\build\allegro\src\allegro-git\allegro-git\src\display_settings.c:191  debug_display_settings           [   0.06864] color: 32 (rgba 8880), depth: 0, stencil: 0, acc: 0000, samples: 0/0
display  D d:\Libraries\build\allegro\src\allegro-git\allegro-git\src\display_settings.c:377  _al_score_display_settings       [   0.06867] Single Buffer requirement not met.
display  D d:\Libraries\build\allegro\src\allegro-git\allegro-git\src\display_settings.c:191  debug_display_settings           [   0.06870] color: 32 (rgba 8880), depth: 24, stencil: 8, acc: 0000, samples: 0/0
display  D d:\Libraries\build\allegro\src\allegro-git\allegro-git\src\display_settings.c:377  _al_score_display_settings       [   0.06875] Single Buffer requirement not met.
display  D d:\Libraries\build\allegro\src\allegro-git\allegro-git\src\display_settings.c:191  debug_display_settings           [   0.06878] color: 32 (rgba 8880), depth: 24, stencil: 8, acc: 0000, samples: 0/0
display  D d:\Libraries\build\allegro\src\allegro-git\allegro-git\src\display_settings.c:377  _al_score_display_settings       [   0.06882] Single Buffer requirement not met.
display  D d:\Libraries\build\allegro\src\allegro-git\allegro-git\src\display_settings.c:191  debug_display_settings           [   0.06885] color: 32 (rgba 8880), depth: 24, stencil: 0, acc: 0000, samples: 0/0
display  D d:\Libraries\build\allegro\src\allegro-git\allegro-git\src\display_settings.c:377  _al_score_display_settings       [   0.06889] Single Buffer requirement not met.
display  D d:\Libraries\build\allegro\src\allegro-git\allegro-git\src\display_settings.c:191  debug_display_settings           [   0.06892] color: 32 (rgba 8880), depth: 24, stencil: 0, acc: 0000, samples: 0/0
display  D d:\Libraries\build\allegro\src\allegro-git\allegro-git\src\display_settings.c:377  _al_score_display_settings       [   0.06896] Single Buffer requirement not met.
display  D d:\Libraries\build\allegro\src\allegro-git\allegro-git\src\display_settings.c:191  debug_display_settings           [   0.06899] color: 32 (rgba 8880), depth: 16, stencil: 0, acc: 0000, samples: 0/0
display  D d:\Libraries\build\allegro\src\allegro-git\allegro-git\src\display_settings.c:377  _al_score_display_settings       [   0.06903] Single Buffer requirement not met.
display  D d:\Libraries\build\allegro\src\allegro-git\allegro-git\src\display_settings.c:191  debug_display_settings           [   0.06906] color: 32 (rgba 8880), depth: 16, stencil: 0, acc: 0000, samples: 0/0
display  D d:\Libraries\build\allegro\src\allegro-git\allegro-git\src\display_settings.c:377  _al_score_display_settings       [   0.06910] Single Buffer requirement not met.
display  D d:\Libraries\build\allegro\src\allegro-git\allegro-git\src\display_settings.c:191  debug_display_settings           [   0.06913] color: 16 (rgba 5650), depth: 0, stencil: 0, acc: 0000, samples: 0/0
display  D d:\Libraries\build\allegro\src\allegro-git\allegro-git\src\display_settings.c:377  _al_score_display_settings       [   0.06917] Single Buffer requirement not met.
display  D d:\Libraries\build\allegro\src\allegro-git\allegro-git\src\display_settings.c:191  debug_display_settings           [   0.06920] color: 16 (rgba 5650), depth: 0, stencil: 0, acc: 0000, samples: 0/0
display  D d:\Libraries\build\allegro\src\allegro-git\allegro-git\src\display_settings.c:377  _al_score_display_settings       [   0.06924] Single Buffer requirement not met.
display  D d:\Libraries\build\allegro\src\allegro-git\allegro-git\src\display_settings.c:191  debug_display_settings           [   0.06927] color: 16 (rgba 5650), depth: 24, stencil: 8, acc: 0000, samples: 0/0
display  D d:\Libraries\build\allegro\src\allegro-git\allegro-git\src\display_settings.c:377  _al_score_display_settings       [   0.06931] Single Buffer requirement not met.
display  D d:\Libraries\build\allegro\src\allegro-git\allegro-git\src\display_settings.c:191  debug_display_settings           [   0.06934] color: 16 (rgba 5650), depth: 24, stencil: 8, acc: 0000, samples: 0/0
display  D d:\Libraries\build\allegro\src\allegro-git\allegro-git\src\display_settings.c:377  _al_score_display_settings       [   0.06937] Single Buffer requirement not met.
display  D d:\Libraries\build\allegro\src\allegro-git\allegro-git\src\display_settings.c:191  debug_display_settings           [   0.06941] color: 16 (rgba 5650), depth: 24, stencil: 0, acc: 0000, samples: 0/0
display  D d:\Libraries\build\allegro\src\allegro-git\allegro-git\src\display_settings.c:377  _al_score_display_settings       [   0.06944] Single Buffer requirement not met.
display  D d:\Libraries\build\allegro\src\allegro-git\allegro-git\src\display_settings.c:191  debug_display_settings           [   0.06948] color: 16 (rgba 5650), depth: 24, stencil: 0, acc: 0000, samples: 0/0
display  D d:\Libraries\build\allegro\src\allegro-git\allegro-git\src\display_settings.c:377  _al_score_display_settings       [   0.06952] Single Buffer requirement not met.
display  D d:\Libraries\build\allegro\src\allegro-git\allegro-git\src\display_settings.c:191  debug_display_settings           [   0.06955] color: 16 (rgba 5650), depth: 16, stencil: 0, acc: 0000, samples: 0/0
display  D d:\Libraries\build\allegro\src\allegro-git\allegro-git\src\display_settings.c:377  _al_score_display_settings       [   0.06959] Single Buffer requirement not met.
display  D d:\Libraries\build\allegro\src\allegro-git\allegro-git\src\display_settings.c:191  debug_display_settings           [   0.06962] color: 16 (rgba 5650), depth: 16, stencil: 0, acc: 0000, samples: 0/0
display  D d:\Libraries\build\allegro\src\allegro-git\allegro-git\src\display_settings.c:377  _al_score_display_settings       [   0.06966] Single Buffer requirement not met.
display  D d:\Libraries\build\allegro\src\allegro-git\allegro-git\src\display_settings.c:191  debug_display_settings           [   0.06969] color: 32 (rgba 8880), depth: 0, stencil: 0, acc: 0000, samples: 0/0
display  D d:\Libraries\build\allegro\src\allegro-git\allegro-git\src\display_settings.c:506  _al_score_display_settings       [   0.06973] Score is : 769
display  D d:\Libraries\build\allegro\src\allegro-git\allegro-git\src\display_settings.c:191  debug_display_settings           [   0.06976] color: 32 (rgba 8880), depth: 0, stencil: 0, acc: 0000, samples: 0/0
display  D d:\Libraries\build\allegro\src\allegro-git\allegro-git\src\display_settings.c:506  _al_score_display_settings       [   0.06979] Score is : 769
display  D d:\Libraries\build\allegro\src\allegro-git\allegro-git\src\display_settings.c:191  debug_display_settings           [   0.06983] color: 32 (rgba 8880), depth: 24, stencil: 8, acc: 0000, samples: 0/0
display  D d:\Libraries\build\allegro\src\allegro-git\allegro-git\src\display_settings.c:506  _al_score_display_settings       [   0.06986] Score is : 769
display  D d:\Libraries\build\allegro\src\allegro-git\allegro-git\src\display_settings.c:191  debug_display_settings           [   0.06989] color: 32 (rgba 8880), depth: 24, stencil: 8, acc: 0000, samples: 0/0
display  D d:\Libraries\build\allegro\src\allegro-git\allegro-git\src\display_settings.c:506  _al_score_display_settings       [   0.06993] Score is : 769
display  D d:\Libraries\build\allegro\src\allegro-git\allegro-git\src\display_settings.c:191  debug_display_settings           [   0.06996] color: 32 (rgba 8880), depth: 24, stencil: 0, acc: 0000, samples: 0/0
display  D d:\Libraries\build\allegro\src\allegro-git\allegro-git\src\display_settings.c:506  _al_score_display_settings       [   0.07000] Score is : 769
display  D d:\Libraries\build\allegro\src\allegro-git\allegro-git\src\display_settings.c:191  debug_display_settings           [   0.07003] color: 32 (rgba 8880), depth: 24, stencil: 0, acc: 0000, samples: 0/0
display  D d:\Libraries\build\allegro\src\allegro-git\allegro-git\src\display_settings.c:506  _al_score_display_settings       [   0.07007] Score is : 769
display  D d:\Libraries\build\allegro\src\allegro-git\allegro-git\src\display_settings.c:191  debug_display_settings           [   0.07010] color: 32 (rgba 8880), depth: 16, stencil: 0, acc: 0000, samples: 0/0
display  D d:\Libraries\build\allegro\src\allegro-git\allegro-git\src\display_settings.c:506  _al_score_display_settings       [   0.07014] Score is : 769
display  D d:\Libraries\build\allegro\src\allegro-git\allegro-git\src\display_settings.c:191  debug_display_settings           [   0.07017] color: 32 (rgba 8880), depth: 16, stencil: 0, acc: 0000, samples: 0/0
display  D d:\Libraries\build\allegro\src\allegro-git\allegro-git\src\display_settings.c:506  _al_score_display_settings       [   0.07021] Score is : 769
display  D d:\Libraries\build\allegro\src\allegro-git\allegro-git\src\display_settings.c:191  debug_display_settings           [   0.07032] color: 16 (rgba 5650), depth: 0, stencil: 0, acc: 0000, samples: 0/0
display  D d:\Libraries\build\allegro\src\allegro-git\allegro-git\src\display_settings.c:506  _al_score_display_settings       [   0.07036] Score is : 769
display  D d:\Libraries\build\allegro\src\allegro-git\allegro-git\src\display_settings.c:191  debug_display_settings           [   0.07040] color: 16 (rgba 5650), depth: 0, stencil: 0, acc: 0000, samples: 0/0
display  D d:\Libraries\build\allegro\src\allegro-git\allegro-git\src\display_settings.c:506  _al_score_display_settings       [   0.07043] Score is : 769
display  D d:\Libraries\build\allegro\src\allegro-git\allegro-git\src\display_settings.c:191  debug_display_settings           [   0.07046] color: 16 (rgba 5650), depth: 24, stencil: 8, acc: 0000, samples: 0/0
display  D d:\Libraries\build\allegro\src\allegro-git\allegro-git\src\display_settings.c:506  _al_score_display_settings       [   0.07050] Score is : 769
display  D d:\Libraries\build\allegro\src\allegro-git\allegro-git\src\display_settings.c:191  debug_display_settings           [   0.07053] color: 16 (rgba 5650), depth: 24, stencil: 8, acc: 0000, samples: 0/0
display  D d:\Libraries\build\allegro\src\allegro-git\allegro-git\src\display_settings.c:506  _al_score_display_settings       [   0.07057] Score is : 769
display  D d:\Libraries\build\allegro\src\allegro-git\allegro-git\src\display_settings.c:191  debug_display_settings           [   0.07060] color: 16 (rgba 5650), depth: 24, stencil: 0, acc: 0000, samples: 0/0
display  D d:\Libraries\build\allegro\src\allegro-git\allegro-git\src\display_settings.c:506  _al_score_display_settings       [   0.07064] Score is : 769
display  D d:\Libraries\build\allegro\src\allegro-git\allegro-git\src\display_settings.c:191  debug_display_settings           [   0.07067] color: 16 (rgba 5650), depth: 24, stencil: 0, acc: 0000, samples: 0/0
display  D d:\Libraries\build\allegro\src\allegro-git\allegro-git\src\display_settings.c:506  _al_score_display_settings       [   0.07070] Score is : 769
display  D d:\Libraries\build\allegro\src\allegro-git\allegro-git\src\display_settings.c:191  debug_display_settings           [   0.07073] color: 16 (rgba 5650), depth: 16, stencil: 0, acc: 0000, samples: 0/0
display  D d:\Libraries\build\allegro\src\allegro-git\allegro-git\src\display_settings.c:506  _al_score_display_settings       [   0.07077] Score is : 769
display  D d:\Libraries\build\allegro\src\allegro-git\allegro-git\src\display_settings.c:191  debug_display_settings           [   0.07080] color: 16 (rgba 5650), depth: 16, stencil: 0, acc: 0000, samples: 0/0
display  D d:\Libraries\build\allegro\src\allegro-git\allegro-git\src\display_settings.c:506  _al_score_display_settings       [   0.07084] Score is : 769
display  D d:\Libraries\build\allegro\src\allegro-git\allegro-git\src\display_settings.c:191  debug_display_settings           [   0.07087] color: 32 (rgba 8880), depth: 0, stencil: 0, acc: 0000, samples: 0/0
display  D d:\Libraries\build\allegro\src\allegro-git\allegro-git\src\display_settings.c:377  _al_score_display_settings       [   0.07091] Single Buffer requirement not met.
display  D d:\Libraries\build\allegro\src\allegro-git\allegro-git\src\display_settings.c:191  debug_display_settings           [   0.07094] color: 32 (rgba 8880), depth: 0, stencil: 0, acc: 0000, samples: 0/0
display  D d:\Libraries\build\allegro\src\allegro-git\allegro-git\src\display_settings.c:377  _al_score_display_settings       [   0.07097] Single Buffer requirement not met.
display  D d:\Libraries\build\allegro\src\allegro-git\allegro-git\src\display_settings.c:191  debug_display_settings           [   0.07101] color: 32 (rgba 8880), depth: 24, stencil: 8, acc: 0000, samples: 0/0
display  D d:\Libraries\build\allegro\src\allegro-git\allegro-git\src\display_settings.c:377  _al_score_display_settings       [   0.07105] Single Buffer requirement not met.
display  D d:\Libraries\build\allegro\src\allegro-git\allegro-git\src\display_settings.c:191  debug_display_settings           [   0.07111] color: 32 (rgba 8880), depth: 24, stencil: 8, acc: 0000, samples: 0/0
display  D d:\Libraries\build\allegro\src\allegro-git\allegro-git\src\display_settings.c:377  _al_score_display_settings       [   0.07120] Single Buffer requirement not met.
display  D d:\Libraries\build\allegro\src\allegro-git\allegro-git\src\display_settings.c:191  debug_display_settings           [   0.07124] color: 32 (rgba 8880), depth: 24, stencil: 0, acc: 0000, samples: 0/0
display  D d:\Libraries\build\allegro\src\allegro-git\allegro-git\src\display_settings.c:377  _al_score_display_settings       [   0.07128] Single Buffer requirement not met.
display  D d:\Libraries\build\allegro\src\allegro-git\allegro-git\src\display_settings.c:191  debug_display_settings           [   0.07131] color: 32 (rgba 8880), depth: 24, stencil: 0, acc: 0000, samples: 0/0
display  D d:\Libraries\build\allegro\src\allegro-git\allegro-git\src\display_settings.c:377  _al_score_display_settings       [   0.07135] Single Buffer requirement not met.
display  D d:\Libraries\build\allegro\src\allegro-git\allegro-git\src\display_settings.c:191  debug_display_settings           [   0.07138] color: 32 (rgba 8880), depth: 16, stencil: 0, acc: 0000, samples: 0/0
display  D d:\Libraries\build\allegro\src\allegro-git\allegro-git\src\display_settings.c:377  _al_score_display_settings       [   0.07142] Single Buffer requirement not met.
display  D d:\Libraries\build\allegro\src\allegro-git\allegro-git\src\display_settings.c:191  debug_display_settings           [   0.07145] color: 32 (rgba 8880), depth: 16, stencil: 0, acc: 0000, samples: 0/0
display  D d:\Libraries\build\allegro\src\allegro-git\allegro-git\src\display_settings.c:377  _al_score_display_settings       [   0.07148] Single Buffer requirement not met.
display  D d:\Libraries\build\allegro\src\allegro-git\allegro-git\src\display_settings.c:191  debug_display_settings           [   0.07152] color: 16 (rgba 5650), depth: 0, stencil: 0, acc: 0000, samples: 0/0
display  D d:\Libraries\build\allegro\src\allegro-git\allegro-git\src\display_settings.c:377  _al_score_display_settings       [   0.07155] Single Buffer requirement not met.
display  D d:\Libraries\build\allegro\src\allegro-git\allegro-git\src\display_settings.c:191  debug_display_settings           [   0.07159] color: 16 (rgba 5650), depth: 0, stencil: 0, acc: 0000, samples: 0/0
display  D d:\Libraries\build\allegro\src\allegro-git\allegro-git\src\display_settings.c:377  _al_score_display_settings       [   0.07162] Single Buffer requirement not met.
display  D d:\Libraries\build\allegro\src\allegro-git\allegro-git\src\display_settings.c:191  debug_display_settings           [   0.07166] color: 16 (rgba 5650), depth: 24, stencil: 8, acc: 0000, samples: 0/0
display  D d:\Libraries\build\allegro\src\allegro-git\allegro-git\src\display_settings.c:377  _al_score_display_settings       [   0.07169] Single Buffer requirement not met.
display  D d:\Libraries\build\allegro\src\allegro-git\allegro-git\src\display_settings.c:191  debug_display_settings           [   0.07173] color: 16 (rgba 5650), depth: 24, stencil: 8, acc: 0000, samples: 0/0
display  D d:\Libraries\build\allegro\src\allegro-git\allegro-git\src\display_settings.c:377  _al_score_display_settings       [   0.07176] Single Buffer requirement not met.
display  D d:\Libraries\build\allegro\src\allegro-git\allegro-git\src\display_settings.c:191  debug_display_settings           [   0.07179] color: 16 (rgba 5650), depth: 24, stencil: 0, acc: 0000, samples: 0/0
display  D d:\Libraries\build\allegro\src\allegro-git\allegro-git\src\display_settings.c:377  _al_score_display_settings       [   0.07183] Single Buffer requirement not met.
display  D d:\Libraries\build\allegro\src\allegro-git\allegro-git\src\display_settings.c:191  debug_display_settings           [   0.07186] color: 16 (rgba 5650), depth: 24, stencil: 0, acc: 0000, samples: 0/0
display  D d:\Libraries\build\allegro\src\allegro-git\allegro-git\src\display_settings.c:377  _al_score_display_settings       [   0.07191] Single Buffer requirement not met.
display  D d:\Libraries\build\allegro\src\allegro-git\allegro-git\src\display_settings.c:191  debug_display_settings           [   0.07194] color: 16 (rgba 5650), depth: 16, stencil: 0, acc: 0000, samples: 0/0
display  D d:\Libraries\build\allegro\src\allegro-git\allegro-git\src\display_settings.c:377  _al_score_display_settings       [   0.07199] Single Buffer requirement not met.
display  D d:\Libraries\build\allegro\src\allegro-git\allegro-git\src\display_settings.c:191  debug_display_settings           [   0.07202] color: 16 (rgba 5650), depth: 16, stencil: 0, acc: 0000, samples: 0/0
display  D d:\Libraries\build\allegro\src\allegro-git\allegro-git\src\display_settings.c:377  _al_score_display_settings       [   0.07206] Single Buffer requirement not met.
d3d      D d:\Libraries\build\allegro\src\allegro-git\allegro-git\src\win\d3d_disp.cpp:1645 d3d_create_display_internals     [   0.07211] Trying format 0.
d3d      I d:\Libraries\build\allegro\src\allegro-git\allegro-git\src\win\d3d_disp.cpp:1326 d3d_display_thread_proc          [   0.07924] Chose a display format: 23
d3d      I d:\Libraries\build\allegro\src\allegro-git\allegro-git\src\win\d3d_disp.cpp:1395 d3d_display_thread_proc          [   0.07935] Normal window.
d3d      I d:\Libraries\build\allegro\src\allegro-git\allegro-git\src\win\d3d_disp.cpp:801  d3d_create_device                [   0.19724] Using no depth stencil buffer
d3d      D d:\Libraries\build\allegro\src\allegro-git\allegro-git\src\win\d3d_disp.cpp:866  d3d_create_device                [   0.26195] BeginScene succeeded in create_device
d3d      D d:\Libraries\build\allegro\src\allegro-git\allegro-git\src\win\d3d_disp.cpp:874  d3d_create_device                [   0.26202] Success
d3d      D d:\Libraries\build\allegro\src\allegro-git\allegro-git\src\win\d3d_disp.cpp:1668 d3d_create_display_internals     [   0.26218] Resumed after wait.
d3d      I d:\Libraries\build\allegro\src\allegro-git\allegro-git\src\win\d3d_disp.cpp:1701 d3d_create_display_internals     [   0.26228] Format 0 succeeded.
d3d      D d:\Libraries\build\allegro\src\allegro-git\allegro-git\src\win\d3d_disp.cpp:1724 d3d_create_display_internals     [   0.26234] Returning d3d_display: 006B77E8
d3d      D d:\Libraries\build\allegro\src\allegro-git\allegro-git\src\win\d3d_disp.cpp:1749 d3d_create_display_locked        [   0.26238] al_display=006B77E8
d3d      D d:\Libraries\build\allegro\src\allegro-git\allegro-git\src\win\d3d_disp.cpp:1750 d3d_create_display_locked        [   0.26241] al_display->vt=006B7758
dtor     D d:\Libraries\build\allegro\src\allegro-git\allegro-git\src\dtor.c:184  _al_register_destructor          [   0.26541] added dtor for object 025D3EB0, func 6398BF0A
font     D d:\Libraries\build\allegro\src\allegro-git\allegro-git\addons\ttf\ttf.c:792  al_load_ttf_font_stretch_f       [   0.26797] Font arial.ttf loaded with pixel size 0 x 12.
font     D d:\Libraries\build\allegro\src\allegro-git\allegro-git\addons\ttf\ttf.c:794  al_load_ttf_font_stretch_f       [   0.26803]     ascent=11.0, descent=-3.0, height=14.0
dtor     D d:\Libraries\build\allegro\src\allegro-git\allegro-git\src\dtor.c:184  _al_register_destructor          [   0.26809] added dtor for object 006B6370, func 63957AE5
d3d      D d:\Libraries\build\allegro\src\allegro-git\allegro-git\src\win\d3d_disp.cpp:1166 real_choose_bitmap_format        [   0.36383] Fake format
d3d      D d:\Libraries\build\allegro\src\allegro-git\allegro-git\src\win\d3d_disp.cpp:1166 real_choose_bitmap_format        [   0.36388] Fake format
d3d      D d:\Libraries\build\allegro\src\allegro-git\allegro-git\src\win\d3d_disp.cpp:1166 real_choose_bitmap_format        [   0.36390] Fake format
d3d      D d:\Libraries\build\allegro\src\allegro-git\allegro-git\src\win\d3d_disp.cpp:1166 real_choose_bitmap_format        [   0.36392] Fake format
d3d      D d:\Libraries\build\allegro\src\allegro-git\allegro-git\src\win\d3d_disp.cpp:1166 real_choose_bitmap_format        [   0.36396] Fake format
d3d      D d:\Libraries\build\allegro\src\allegro-git\allegro-git\src\win\d3d_disp.cpp:1166 real_choose_bitmap_format        [   0.36398] Fake format
d3d      D d:\Libraries\build\allegro\src\allegro-git\allegro-git\src\win\d3d_disp.cpp:1166 real_choose_bitmap_format        [   0.36400] Fake format
d3d      D d:\Libraries\build\allegro\src\allegro-git\allegro-git\src\win\d3d_disp.cpp:1166 real_choose_bitmap_format        [   0.36402] Fake format
d3d      D d:\Libraries\build\allegro\src\allegro-git\allegro-git\src\win\d3d_disp.cpp:1166 real_choose_bitmap_format        [   0.36404] Fake format
d3d      D d:\Libraries\build\allegro\src\allegro-git\allegro-git\src\win\d3d_disp.cpp:1174 real_choose_bitmap_format        [   0.36406] Alpha doesn't match
d3d      D d:\Libraries\build\allegro\src\allegro-git\allegro-git\src\win\d3d_disp.cpp:1181 real_choose_bitmap_format        [   0.36408] Adapter format is 23
d3d      D d:\Libraries\build\allegro\src\allegro-git\allegro-git\src\win\d3d_disp.cpp:1184 real_choose_bitmap_format        [   0.36410] Found a format
d3d      I d:\Libraries\build\allegro\src\allegro-git\allegro-git\src\win\d3d_disp.cpp:2283 _al_d3d_create_bitmap            [   0.36413] Chose bitmap format 9
font     D d:\Libraries\build\allegro\src\allegro-git\allegro-git\addons\ttf\ttf.c:217  alloc_glyph_region               [   0.36502] Glyph 19: 7x11 (8x12)
d3d      D d:\Libraries\build\allegro\src\allegro-git\allegro-git\src\win\d3d_bmp.cpp:467  _al_d3d_sync_bitmap              [   0.36555] _al_d3d_sync_bitmap (system) ref count == 1
d3d      D d:\Libraries\build\allegro\src\allegro-git\allegro-git\src\win\d3d_bmp.cpp:473  _al_d3d_sync_bitmap              [   0.36559] _al_d3d_sync_bitmap (video) ref count == 2
font     D d:\Libraries\build\allegro\src\allegro-git\allegro-git\addons\ttf\ttf.c:217  alloc_glyph_region               [   0.36762] Glyph 20: 5x11 (8x12)
d3d      D d:\Libraries\build\allegro\src\allegro-git\allegro-git\src\win\d3d_bmp.cpp:467  _al_d3d_sync_bitmap              [   0.37659] _al_d3d_sync_bitmap (system) ref count == 1
d3d      D d:\Libraries\build\allegro\src\allegro-git\allegro-git\src\win\d3d_bmp.cpp:473  _al_d3d_sync_bitmap              [   0.37664] _al_d3d_sync_bitmap (video) ref count == 2
font     D d:\Libraries\build\allegro\src\allegro-git\allegro-git\addons\ttf\ttf.c:217  alloc_glyph_region               [   0.37793] Glyph 21: 7x11 (8x12)
d3d      D d:\Libraries\build\allegro\src\allegro-git\allegro-git\src\win\d3d_bmp.cpp:467  _al_d3d_sync_bitmap              [   0.37810] _al_d3d_sync_bitmap (system) ref count == 1
d3d      D d:\Libraries\build\allegro\src\allegro-git\allegro-git\src\win\d3d_bmp.cpp:473  _al_d3d_sync_bitmap              [   0.37813] _al_d3d_sync_bitmap (video) ref count == 2
font     D d:\Libraries\build\allegro\src\allegro-git\allegro-git\addons\ttf\ttf.c:217  alloc_glyph_region               [   0.37933] Glyph 22: 7x11 (8x12)
d3d      D d:\Libraries\build\allegro\src\allegro-git\allegro-git\src\win\d3d_bmp.cpp:467  _al_d3d_sync_bitmap              [   0.37954] _al_d3d_sync_bitmap (system) ref count == 1
d3d      D d:\Libraries\build\allegro\src\allegro-git\allegro-git\src\win\d3d_bmp.cpp:473  _al_d3d_sync_bitmap              [   0.37957] _al_d3d_sync_bitmap (video) ref count == 2
font     D d:\Libraries\build\allegro\src\allegro-git\allegro-git\addons\ttf\ttf.c:217  alloc_glyph_region               [   0.38245] Glyph 23: 7x11 (8x12)
d3d      D d:\Libraries\build\allegro\src\allegro-git\allegro-git\src\win\d3d_bmp.cpp:467  _al_d3d_sync_bitmap              [   0.38264] _al_d3d_sync_bitmap (system) ref count == 1
d3d      D d:\Libraries\build\allegro\src\allegro-git\allegro-git\src\win\d3d_bmp.cpp:473  _al_d3d_sync_bitmap              [   0.38267] _al_d3d_sync_bitmap (video) ref count == 2
font     D d:\Libraries\build\allegro\src\allegro-git\allegro-git\addons\ttf\ttf.c:217  alloc_glyph_region               [   0.38387] Glyph 24: 7x11 (8x12)
d3d      D d:\Libraries\build\allegro\src\allegro-git\allegro-git\src\win\d3d_bmp.cpp:467  _al_d3d_sync_bitmap              [   0.38431] _al_d3d_sync_bitmap (system) ref count == 1
d3d      D d:\Libraries\build\allegro\src\allegro-git\allegro-git\src\win\d3d_bmp.cpp:473  _al_d3d_sync_bitmap              [   0.38435] _al_d3d_sync_bitmap (video) ref count == 2
font     D d:\Libraries\build\allegro\src\allegro-git\allegro-git\addons\ttf\ttf.c:217  alloc_glyph_region               [   0.38637] Glyph 25: 7x11 (8x12)
d3d      D d:\Libraries\build\allegro\src\allegro-git\allegro-git\src\win\d3d_bmp.cpp:467  _al_d3d_sync_bitmap              [   0.38654] _al_d3d_sync_bitmap (system) ref count == 1
d3d      D d:\Libraries\build\allegro\src\allegro-git\allegro-git\src\win\d3d_bmp.cpp:473  _al_d3d_sync_bitmap              [   0.38657] _al_d3d_sync_bitmap (video) ref count == 2
font     D d:\Libraries\build\allegro\src\allegro-git\allegro-git\addons\ttf\ttf.c:217  alloc_glyph_region               [   0.38768] Glyph 26: 7x11 (8x12)
d3d      D d:\Libraries\build\allegro\src\allegro-git\allegro-git\src\win\d3d_bmp.cpp:467  _al_d3d_sync_bitmap              [   0.38786] _al_d3d_sync_bitmap (system) ref count == 1
d3d      D d:\Libraries\build\allegro\src\allegro-git\allegro-git\src\win\d3d_bmp.cpp:473  _al_d3d_sync_bitmap              [   0.38789] _al_d3d_sync_bitmap (video) ref count == 2
font     D d:\Libraries\build\allegro\src\allegro-git\allegro-git\addons\ttf\ttf.c:217  alloc_glyph_region               [   0.38912] Glyph 27: 7x11 (8x12)
d3d      D d:\Libraries\build\allegro\src\allegro-git\allegro-git\src\win\d3d_bmp.cpp:467  _al_d3d_sync_bitmap              [   0.38928] _al_d3d_sync_bitmap (system) ref count == 1
d3d      D d:\Libraries\build\allegro\src\allegro-git\allegro-git\src\win\d3d_bmp.cpp:473  _al_d3d_sync_bitmap              [   0.38931] _al_d3d_sync_bitmap (video) ref count == 2
font     D d:\Libraries\build\allegro\src\allegro-git\allegro-git\addons\ttf\ttf.c:217  alloc_glyph_region               [   0.39057] Glyph 28: 7x11 (8x12)
d3d      D d:\Libraries\build\allegro\src\allegro-git\allegro-git\src\win\d3d_bmp.cpp:467  _al_d3d_sync_bitmap              [   0.39074] _al_d3d_sync_bitmap (system) ref count == 1
d3d      D d:\Libraries\build\allegro\src\allegro-git\allegro-git\src\win\d3d_bmp.cpp:473  _al_d3d_sync_bitmap              [   0.39077] _al_d3d_sync_bitmap (video) ref count == 2
font     D d:\Libraries\build\allegro\src\allegro-git\allegro-git\addons\ttf\ttf.c:217  alloc_glyph_region               [   0.39245] Glyph 16: 5x3 (8x4)
d3d      D d:\Libraries\build\allegro\src\allegro-git\allegro-git\src\win\d3d_bmp.cpp:467  _al_d3d_sync_bitmap              [   0.39254] _al_d3d_sync_bitmap (system) ref count == 1
d3d      D d:\Libraries\build\allegro\src\allegro-git\allegro-git\src\win\d3d_bmp.cpp:473  _al_d3d_sync_bitmap              [   0.39257] _al_d3d_sync_bitmap (video) ref count == 2
font     D d:\Libraries\build\allegro\src\allegro-git\allegro-git\addons\ttf\ttf.c:792  al_load_ttf_font_stretch_f       [   0.40050] Font arial.ttf loaded with pixel size 0 x 20.
font     D d:\Libraries\build\allegro\src\allegro-git\allegro-git\addons\ttf\ttf.c:794  al_load_ttf_font_stretch_f       [   0.40054]     ascent=18.0, descent=-4.0, height=23.0
dtor     D d:\Libraries\build\allegro\src\allegro-git\allegro-git\src\dtor.c:184  _al_register_destructor          [   0.40057] added dtor for object 02601A78, func 63957AE5
d3d      D d:\Libraries\build\allegro\src\allegro-git\allegro-git\src\win\d3d_disp.cpp:1166 real_choose_bitmap_format        [   0.40134] Fake format
d3d      D d:\Libraries\build\allegro\src\allegro-git\allegro-git\src\win\d3d_disp.cpp:1166 real_choose_bitmap_format        [   0.40138] Fake format
d3d      D d:\Libraries\build\allegro\src\allegro-git\allegro-git\src\win\d3d_disp.cpp:1166 real_choose_bitmap_format        [   0.40140] Fake format
d3d      D d:\Libraries\build\allegro\src\allegro-git\allegro-git\src\win\d3d_disp.cpp:1166 real_choose_bitmap_format        [   0.40142] Fake format
d3d      D d:\Libraries\build\allegro\src\allegro-git\allegro-git\src\win\d3d_disp.cpp:1166 real_choose_bitmap_format        [   0.40144] Fake format
d3d      D d:\Libraries\build\allegro\src\allegro-git\allegro-git\src\win\d3d_disp.cpp:1166 real_choose_bitmap_format        [   0.40146] Fake format
d3d      D d:\Libraries\build\allegro\src\allegro-git\allegro-git\src\win\d3d_disp.cpp:1166 real_choose_bitmap_format        [   0.40148] Fake format
d3d      D d:\Libraries\build\allegro\src\allegro-git\allegro-git\src\win\d3d_disp.cpp:1166 real_choose_bitmap_format        [   0.40150] Fake format
d3d      D d:\Libraries\build\allegro\src\allegro-git\allegro-git\src\win\d3d_disp.cpp:1166 real_choose_bitmap_format        [   0.40152] Fake format
d3d      D d:\Libraries\build\allegro\src\allegro-git\allegro-git\src\win\d3d_disp.cpp:1174 real_choose_bitmap_format        [   0.40154] Alpha doesn't match
d3d      D d:\Libraries\build\allegro\src\allegro-git\allegro-git\src\win\d3d_disp.cpp:1181 real_choose_bitmap_format        [   0.40156] Adapter format is 23
d3d      D d:\Libraries\build\allegro\src\allegro-git\allegro-git\src\win\d3d_disp.cpp:1184 real_choose_bitmap_format        [   0.40158] Found a format
d3d      I d:\Libraries\build\allegro\src\allegro-git\allegro-git\src\win\d3d_disp.cpp:2283 _al_d3d_create_bitmap            [   0.40160] Chose bitmap format 9
font     D d:\Libraries\build\allegro\src\allegro-git\allegro-git\addons\ttf\ttf.c:217  alloc_glyph_region               [   0.40222] Glyph 60: 16x17 (16x20)
d3d      D d:\Libraries\build\allegro\src\allegro-git\allegro-git\src\win\d3d_bmp.cpp:467  _al_d3d_sync_bitmap              [   0.40276] _al_d3d_sync_bitmap (system) ref count == 1
d3d      D d:\Libraries\build\allegro\src\allegro-git\allegro-git\src\win\d3d_bmp.cpp:473  _al_d3d_sync_bitmap              [   0.40280] _al_d3d_sync_bitmap (video) ref count == 2
font     D d:\Libraries\build\allegro\src\allegro-git\allegro-git\addons\ttf\ttf.c:217  alloc_glyph_region               [   0.40455] Glyph 68: 12x13 (12x16)
font     D d:\Libraries\build\allegro\src\allegro-git\allegro-git\addons\ttf\ttf.c:217  alloc_glyph_region               [   0.40469] Glyph 85: 8x13 (8x16)
font     D d:\Libraries\build\allegro\src\allegro-git\allegro-git\addons\ttf\ttf.c:217  alloc_glyph_region               [   0.40492] Glyph 76: 4x17 (4x20)
font     D d:\Libraries\build\allegro\src\allegro-git\allegro-git\addons\ttf\ttf.c:217  alloc_glyph_region               [   0.40513] Glyph 70: 10x13 (12x16)
font     D d:\Libraries\build\allegro\src\allegro-git\allegro-git\addons\ttf\ttf.c:217  alloc_glyph_region               [   0.40530] Glyph 83: 11x17 (12x20)
font     D d:\Libraries\build\allegro\src\allegro-git\allegro-git\addons\ttf\ttf.c:217  alloc_glyph_region               [   0.40536] Glyph 29: 4x13 (4x16)
font     D d:\Libraries\build\allegro\src\allegro-git\allegro-git\addons\ttf\ttf.c:406  cache_glyph                      [   0.40539] Glyph 3 has zero size.
font     D d:\Libraries\build\allegro\src\allegro-git\allegro-git\addons\ttf\ttf.c:217  alloc_glyph_region               [   0.40557] Glyph 24: 11x17 (12x20)
font     D d:\Libraries\build\allegro\src\allegro-git\allegro-git\addons\ttf\ttf.c:217  alloc_glyph_region               [   0.40563] Glyph 17: 4x4 (4x4)
font     D d:\Libraries\build\allegro\src\allegro-git\allegro-git\addons\ttf\ttf.c:217  alloc_glyph_region               [   0.40581] Glyph 19: 11x17 (12x20)
font     D d:\Libraries\build\allegro\src\allegro-git\allegro-git\addons\ttf\ttf.c:217  alloc_glyph_region               [   0.40623] Glyph 59: 15x17 (16x20)
d3d      D d:\Libraries\build\allegro\src\allegro-git\allegro-git\src\win\d3d_bmp.cpp:467  _al_d3d_sync_bitmap              [   0.40654] _al_d3d_sync_bitmap (system) ref count == 1
d3d      D d:\Libraries\build\allegro\src\allegro-git\allegro-git\src\win\d3d_bmp.cpp:473  _al_d3d_sync_bitmap              [   0.40658] _al_d3d_sync_bitmap (video) ref count == 2
font     D d:\Libraries\build\allegro\src\allegro-git\allegro-git\addons\ttf\ttf.c:217  alloc_glyph_region               [   0.40910] Glyph 20: 7x17 (8x20)
d3d      D d:\Libraries\build\allegro\src\allegro-git\allegro-git\src\win\d3d_bmp.cpp:467  _al_d3d_sync_bitmap              [   0.43024] _al_d3d_sync_bitmap (system) ref count == 1
d3d      D d:\Libraries\build\allegro\src\allegro-git\allegro-git\src\win\d3d_bmp.cpp:473  _al_d3d_sync_bitmap              [   0.43031] _al_d3d_sync_bitmap (video) ref count == 2
d3d      D d:\Libraries\build\allegro\src\allegro-git\allegro-git\src\win\d3d_bmp.cpp:467  _al_d3d_sync_bitmap              [   0.43452] _al_d3d_sync_bitmap (system) ref count == 1
d3d      D d:\Libraries\build\allegro\src\allegro-git\allegro-git\src\win\d3d_bmp.cpp:473  _al_d3d_sync_bitmap              [   0.43459] _al_d3d_sync_bitmap (video) ref count == 2
d3d      I d:\Libraries\build\allegro\src\allegro-git\allegro-git\src\win\d3d_disp.cpp:921  d3d_destroy_display              [   6.35029] destroying display 006B77E8 (current 00000000)
bitmap   D d:\Libraries\build\allegro\src\allegro-git\allegro-git\src\bitmap.c:548  _al_convert_to_memory_bitmap     [   6.35047] converting display bitmap 026721B8 to memory bitmap
d3d      D d:\Libraries\build\allegro\src\allegro-git\allegro-git\src\win\d3d_bmp.cpp:467  _al_d3d_sync_bitmap              [   6.35064] _al_d3d_sync_bitmap (system) ref count == 1
d3d      D d:\Libraries\build\allegro\src\allegro-git\allegro-git\src\win\d3d_bmp.cpp:473  _al_d3d_sync_bitmap              [   6.35072] _al_d3d_sync_bitmap (video) ref count == 2
d3d      W d:\Libraries\build\allegro\src\allegro-git\allegro-git\src\win\d3d_bmp.cpp:743  d3d_destroy_bitmap               [   6.35249] d3d_destroy_bitmap: Release video texture failed.
bitmap   D d:\Libraries\build\allegro\src\allegro-git\allegro-git\src\bitmap.c:548  _al_convert_to_memory_bitmap     [   6.35285] converting display bitmap 026063A8 to memory bitmap
d3d      D d:\Libraries\build\allegro\src\allegro-git\allegro-git\src\win\d3d_bmp.cpp:467  _al_d3d_sync_bitmap              [   6.35296] _al_d3d_sync_bitmap (system) ref count == 1
d3d      D d:\Libraries\build\allegro\src\allegro-git\allegro-git\src\win\d3d_bmp.cpp:473  _al_d3d_sync_bitmap              [   6.35300] _al_d3d_sync_bitmap (video) ref count == 2
d3d      W d:\Libraries\build\allegro\src\allegro-git\allegro-git\src\win\d3d_bmp.cpp:743  d3d_destroy_bitmap               [   6.35459] d3d_destroy_bitmap: Release video texture failed.
d3d      D d:\Libraries\build\allegro\src\allegro-git\allegro-git\src\win\d3d_disp.cpp:905  d3d_destroy_display_internals    [   6.35490] waiting for display 006B77E8's thread to end
d3d      W d:\Libraries\build\allegro\src\allegro-git\allegro-git\src\win\d3d_disp.cpp:617  d3d_destroy_device               [   6.41928] d3d_destroy_device: ref count not 0
d3d      I d:\Libraries\build\allegro\src\allegro-git\allegro-git\src\win\d3d_disp.cpp:1527 d3d_display_thread_proc          [   6.43295] d3d display thread exits
dtor     D d:\Libraries\build\allegro\src\allegro-git\allegro-git\src\dtor.c:114  _al_run_destructors              [   6.43354] calling dtor for object 02601A78, func 63957AE5
dtor     D d:\Libraries\build\allegro\src\allegro-git\allegro-git\src\dtor.c:214  _al_unregister_destructor        [   6.43361] removed dtor for object 02601A78
dtor     D d:\Libraries\build\allegro\src\allegro-git\allegro-git\src\dtor.c:114  _al_run_destructors              [   6.43404] calling dtor for object 006B6370, func 63957AE5
dtor     D d:\Libraries\build\allegro\src\allegro-git\allegro-git\src\dtor.c:214  _al_unregister_destructor        [   6.43408] removed dtor for object 006B6370
dtor     D d:\Libraries\build\allegro\src\allegro-git\allegro-git\src\dtor.c:114  _al_run_destructors              [   6.43432] calling dtor for object 025D3EB0, func 6398BF0A
dtor     D d:\Libraries\build\allegro\src\allegro-git\allegro-git\src\dtor.c:214  _al_unregister_destructor        [   6.43435] removed dtor for object 025D3EB0
